2022-08-10 18:17:35.233  INFO 6848 --- [restartedMain] com.project2.imfd.Application            : Starting Application using Java 17.0.2 on DESKTOP-F5KBULG with PID 6848 (C:\Users\Juicebox\Documents\GitHub\IMFD-Project02\IMFD\target\classes started by Juicebox in C:\Users\Juicebox\Documents\GitHub\IMFD-Project02\IMFD)
2022-08-10 18:17:35.234  INFO 6848 --- [restartedMain] com.project2.imfd.Application            : No active profile set, falling back to 1 default profile: "default"
2022-08-10 18:17:35.272  INFO 6848 --- [restartedMain] .e.DevToolsPropertyDefaultsPostProcessor : Devtools property defaults active! Set 'spring.devtools.add-properties' to 'false' to disable
2022-08-10 18:17:35.272  INFO 6848 --- [restartedMain] .e.DevToolsPropertyDefaultsPostProcessor : For additional web related logging consider setting the 'logging.level.web' property to 'DEBUG'
2022-08-10 18:17:35.742  INFO 6848 --- [restartedMain] .s.d.r.c.RepositoryConfigurationDelegate : Bootstrapping Spring Data JPA repositories in DEFAULT mode.
2022-08-10 18:17:35.791  INFO 6848 --- [restartedMain] .s.d.r.c.RepositoryConfigurationDelegate : Finished Spring Data repository scanning in 41 ms. Found 5 JPA repository interfaces.
2022-08-10 18:17:36.203  INFO 6848 --- [restartedMain] o.s.b.w.embedded.tomcat.TomcatWebServer  : Tomcat initialized with port(s): 2121 (http)
2022-08-10 18:17:36.212  INFO 6848 --- [restartedMain] o.apache.catalina.core.StandardService   : Starting service [Tomcat]
2022-08-10 18:17:36.212  INFO 6848 --- [restartedMain] org.apache.catalina.core.StandardEngine  : Starting Servlet engine: [Apache Tomcat/9.0.65]
2022-08-10 18:17:36.367  INFO 6848 --- [restartedMain] org.apache.jasper.servlet.TldScanner     : At least one JAR was scanned for TLDs yet contained no TLDs. Enable debug logging for this logger for a complete list of JARs that were scanned but no TLDs were found in them. Skipping unneeded JARs during scanning can improve startup time and JSP compilation time.
2022-08-10 18:17:36.375  INFO 6848 --- [restartedMain] o.a.c.c.C.[Tomcat].[localhost].[/]       : Initializing Spring embedded WebApplicationContext
2022-08-10 18:17:36.375  INFO 6848 --- [restartedMain] w.s.c.ServletWebServerApplicationContext : Root WebApplicationContext: initialization completed in 1102 ms
2022-08-10 18:17:36.504  INFO 6848 --- [restartedMain] o.hibernate.jpa.internal.util.LogHelper  : HHH000204: Processing PersistenceUnitInfo [name: default]
2022-08-10 18:17:36.562  INFO 6848 --- [restartedMain] org.hibernate.Version                    : HHH000412: Hibernate ORM core version 5.6.10.Final
2022-08-10 18:17:36.706  INFO 6848 --- [restartedMain] o.hibernate.annotations.common.Version   : HCANN000001: Hibernate Commons Annotations {5.1.2.Final}
2022-08-10 18:17:36.796  INFO 6848 --- [restartedMain] com.zaxxer.hikari.HikariDataSource       : HikariPool-1 - Starting...
2022-08-10 18:17:44.611  INFO 6848 --- [restartedMain] com.zaxxer.hikari.HikariDataSource       : HikariPool-1 - Start completed.
2022-08-10 18:17:44.626  INFO 6848 --- [restartedMain] org.hibernate.dialect.Dialect            : HHH000400: Using dialect: org.hibernate.dialect.PostgreSQLDialect
2022-08-10 18:17:45.483  INFO 6848 --- [restartedMain] o.h.e.t.j.p.i.JtaPlatformInitiator       : HHH000490: Using JtaPlatform implementation: [org.hibernate.engine.transaction.jta.platform.internal.NoJtaPlatform]
2022-08-10 18:17:45.489  INFO 6848 --- [restartedMain] j.LocalContainerEntityManagerFactoryBean : Initialized JPA EntityManagerFactory for persistence unit 'default'
2022-08-10 18:17:45.799  WARN 6848 --- [restartedMain] JpaBaseConfiguration$JpaWebConfiguration : spring.jpa.open-in-view is enabled by default. Therefore, database queries may be performed during view rendering. Explicitly configure spring.jpa.open-in-view to disable this warning
2022-08-10 18:17:46.028  INFO 6848 --- [restartedMain] o.s.b.d.a.OptionalLiveReloadServer       : LiveReload server is running on port 35729
2022-08-10 18:17:46.066  INFO 6848 --- [restartedMain] o.s.b.w.embedded.tomcat.TomcatWebServer  : Tomcat started on port(s): 2121 (http) with context path ''
2022-08-10 18:17:46.074  INFO 6848 --- [restartedMain] com.project2.imfd.Application            : Started Application in 11.069 seconds (JVM running for 11.619)
2022-08-10 18:27:07.977  INFO 6848 --- [Thread-5] j.LocalContainerEntityManagerFactoryBean : Closing JPA EntityManagerFactory for persistence unit 'default'
2022-08-10 18:27:07.981  INFO 6848 --- [Thread-5] com.zaxxer.hikari.HikariDataSource       : HikariPool-1 - Shutdown initiated...
2022-08-10 18:27:07.986  INFO 6848 --- [Thread-5] com.zaxxer.hikari.HikariDataSource       : HikariPool-1 - Shutdown completed.
2022-08-10 18:27:08.041  INFO 6848 --- [restartedMain] com.project2.imfd.Application            : Starting Application using Java 17.0.2 on DESKTOP-F5KBULG with PID 6848 (C:\Users\Juicebox\Documents\GitHub\IMFD-Project02\IMFD\target\classes started by Juicebox in C:\Users\Juicebox\Documents\GitHub\IMFD-Project02\IMFD)
2022-08-10 18:27:08.041  INFO 6848 --- [restartedMain] com.project2.imfd.Application            : No active profile set, falling back to 1 default profile: "default"
2022-08-10 18:27:08.155  INFO 6848 --- [restartedMain] .s.d.r.c.RepositoryConfigurationDelegate : Bootstrapping Spring Data JPA repositories in DEFAULT mode.
2022-08-10 18:27:08.166  INFO 6848 --- [restartedMain] .s.d.r.c.RepositoryConfigurationDelegate : Finished Spring Data repository scanning in 10 ms. Found 5 JPA repository interfaces.
2022-08-10 18:27:08.221  INFO 6848 --- [restartedMain] o.s.b.w.embedded.tomcat.TomcatWebServer  : Tomcat initialized with port(s): 2121 (http)
2022-08-10 18:27:08.222  INFO 6848 --- [restartedMain] o.apache.catalina.core.StandardService   : Starting service [Tomcat]
2022-08-10 18:27:08.222  INFO 6848 --- [restartedMain] org.apache.catalina.core.StandardEngine  : Starting Servlet engine: [Apache Tomcat/9.0.65]
2022-08-10 18:27:08.275  INFO 6848 --- [restartedMain] org.apache.jasper.servlet.TldScanner     : At least one JAR was scanned for TLDs yet contained no TLDs. Enable debug logging for this logger for a complete list of JARs that were scanned but no TLDs were found in them. Skipping unneeded JARs during scanning can improve startup time and JSP compilation time.
2022-08-10 18:27:08.276  INFO 6848 --- [restartedMain] o.a.c.c.C.[Tomcat].[localhost].[/]       : Initializing Spring embedded WebApplicationContext
2022-08-10 18:27:08.277  INFO 6848 --- [restartedMain] w.s.c.ServletWebServerApplicationContext : Root WebApplicationContext: initialization completed in 234 ms
2022-08-10 18:27:08.309  INFO 6848 --- [restartedMain] o.hibernate.jpa.internal.util.LogHelper  : HHH000204: Processing PersistenceUnitInfo [name: default]
2022-08-10 18:27:08.312  INFO 6848 --- [restartedMain] com.zaxxer.hikari.HikariDataSource       : HikariPool-2 - Starting...
2022-08-10 18:27:14.681  INFO 6848 --- [restartedMain] com.zaxxer.hikari.HikariDataSource       : HikariPool-2 - Start completed.
2022-08-10 18:27:14.682  INFO 6848 --- [restartedMain] org.hibernate.dialect.Dialect            : HHH000400: Using dialect: org.hibernate.dialect.PostgreSQLDialect
2022-08-10 18:27:15.028  INFO 6848 --- [restartedMain] o.h.e.t.j.p.i.JtaPlatformInitiator       : HHH000490: Using JtaPlatform implementation: [org.hibernate.engine.transaction.jta.platform.internal.NoJtaPlatform]
2022-08-10 18:27:15.029  INFO 6848 --- [restartedMain] j.LocalContainerEntityManagerFactoryBean : Initialized JPA EntityManagerFactory for persistence unit 'default'
2022-08-10 18:27:15.147  WARN 6848 --- [restartedMain] JpaBaseConfiguration$JpaWebConfiguration : spring.jpa.open-in-view is enabled by default. Therefore, database queries may be performed during view rendering. Explicitly configure spring.jpa.open-in-view to disable this warning
2022-08-10 18:27:15.215  INFO 6848 --- [restartedMain] o.s.b.d.a.OptionalLiveReloadServer       : LiveReload server is running on port 35729
2022-08-10 18:27:15.224  INFO 6848 --- [restartedMain] o.s.b.w.embedded.tomcat.TomcatWebServer  : Tomcat started on port(s): 2121 (http) with context path ''
2022-08-10 18:27:15.227  INFO 6848 --- [restartedMain] com.project2.imfd.Application            : Started Application in 7.209 seconds (JVM running for 580.772)
2022-08-10 18:27:15.229  INFO 6848 --- [restartedMain] .ConditionEvaluationDeltaLoggingListener : Condition evaluation unchanged
2022-08-10 18:38:25.890  INFO 6848 --- [http-nio-2121-exec-1] o.a.c.c.C.[Tomcat].[localhost].[/]       : Initializing Spring DispatcherServlet 'dispatcherServlet'
2022-08-10 18:38:25.890  INFO 6848 --- [http-nio-2121-exec-1] o.s.web.servlet.DispatcherServlet        : Initializing Servlet 'dispatcherServlet'
2022-08-10 18:38:25.891  INFO 6848 --- [http-nio-2121-exec-1] o.s.web.servlet.DispatcherServlet        : Completed initialization in 1 ms
2022-08-10 18:39:43.004  WARN 6848 --- [http-nio-2121-exec-7] com.zaxxer.hikari.pool.PoolBase          : HikariPool-2 - Failed to validate connection org.postgresql.jdbc.PgConnection@4f4844e0 (This connection has been closed.). Possibly consider using a shorter maxLifetime value.
2022-08-10 18:40:42.172  WARN 6848 --- [http-nio-2121-exec-1] com.zaxxer.hikari.pool.PoolBase          : HikariPool-2 - Failed to validate connection org.postgresql.jdbc.PgConnection@3b53c7b8 (This connection has been closed.). Possibly consider using a shorter maxLifetime value.
2022-08-10 18:40:43.355  WARN 6848 --- [http-nio-2121-exec-2] com.zaxxer.hikari.pool.PoolBase          : HikariPool-2 - Failed to validate connection org.postgresql.jdbc.PgConnection@60d1e324 (This connection has been closed.). Possibly consider using a shorter maxLifetime value.
2022-08-10 18:40:53.059  WARN 6848 --- [http-nio-2121-exec-7] com.zaxxer.hikari.pool.PoolBase          : HikariPool-2 - Failed to validate connection org.postgresql.jdbc.PgConnection@15f53be7 (This connection has been closed.). Possibly consider using a shorter maxLifetime value.
2022-08-10 18:41:42.098  WARN 6848 --- [http-nio-2121-exec-9] com.zaxxer.hikari.pool.PoolBase          : HikariPool-2 - Failed to validate connection org.postgresql.jdbc.PgConnection@33f517d1 (This connection has been closed.). Possibly consider using a shorter maxLifetime value.
2022-08-10 18:44:52.550  INFO 6848 --- [Thread-7] j.LocalContainerEntityManagerFactoryBean : Closing JPA EntityManagerFactory for persistence unit 'default'
2022-08-10 18:44:52.550  INFO 6848 --- [Thread-7] com.zaxxer.hikari.HikariDataSource       : HikariPool-2 - Shutdown initiated...
2022-08-10 18:44:52.552  INFO 6848 --- [Thread-7] com.zaxxer.hikari.HikariDataSource       : HikariPool-2 - Shutdown completed.
2022-08-10 18:44:52.605  INFO 6848 --- [restartedMain] com.project2.imfd.Application            : Starting Application using Java 17.0.2 on DESKTOP-F5KBULG with PID 6848 (C:\Users\Juicebox\Documents\GitHub\IMFD-Project02\IMFD\target\classes started by Juicebox in C:\Users\Juicebox\Documents\GitHub\IMFD-Project02\IMFD)
2022-08-10 18:44:52.605  INFO 6848 --- [restartedMain] com.project2.imfd.Application            : No active profile set, falling back to 1 default profile: "default"
2022-08-10 18:44:52.709  INFO 6848 --- [restartedMain] .s.d.r.c.RepositoryConfigurationDelegate : Bootstrapping Spring Data JPA repositories in DEFAULT mode.
2022-08-10 18:44:52.719  INFO 6848 --- [restartedMain] .s.d.r.c.RepositoryConfigurationDelegate : Finished Spring Data repository scanning in 10 ms. Found 5 JPA repository interfaces.
2022-08-10 18:44:52.773  INFO 6848 --- [restartedMain] o.s.b.w.embedded.tomcat.TomcatWebServer  : Tomcat initialized with port(s): 2121 (http)
2022-08-10 18:44:52.774  INFO 6848 --- [restartedMain] o.apache.catalina.core.StandardService   : Starting service [Tomcat]
2022-08-10 18:44:52.774  INFO 6848 --- [restartedMain] org.apache.catalina.core.StandardEngine  : Starting Servlet engine: [Apache Tomcat/9.0.65]
2022-08-10 18:44:52.826  INFO 6848 --- [restartedMain] org.apache.jasper.servlet.TldScanner     : At least one JAR was scanned for TLDs yet contained no TLDs. Enable debug logging for this logger for a complete list of JARs that were scanned but no TLDs were found in them. Skipping unneeded JARs during scanning can improve startup time and JSP compilation time.
2022-08-10 18:44:52.827  INFO 6848 --- [restartedMain] o.a.c.c.C.[Tomcat].[localhost].[/]       : Initializing Spring embedded WebApplicationContext
2022-08-10 18:44:52.827  INFO 6848 --- [restartedMain] w.s.c.ServletWebServerApplicationContext : Root WebApplicationContext: initialization completed in 220 ms
2022-08-10 18:44:52.851  INFO 6848 --- [restartedMain] o.hibernate.jpa.internal.util.LogHelper  : HHH000204: Processing PersistenceUnitInfo [name: default]
2022-08-10 18:44:52.854  INFO 6848 --- [restartedMain] com.zaxxer.hikari.HikariDataSource       : HikariPool-3 - Starting...
2022-08-10 18:44:54.736  INFO 6848 --- [restartedMain] com.zaxxer.hikari.HikariDataSource       : HikariPool-3 - Start completed.
2022-08-10 18:44:54.737  INFO 6848 --- [restartedMain] org.hibernate.dialect.Dialect            : HHH000400: Using dialect: org.hibernate.dialect.PostgreSQLDialect
2022-08-10 18:44:55.128  INFO 6848 --- [restartedMain] o.h.e.t.j.p.i.JtaPlatformInitiator       : HHH000490: Using JtaPlatform implementation: [org.hibernate.engine.transaction.jta.platform.internal.NoJtaPlatform]
2022-08-10 18:44:55.128  INFO 6848 --- [restartedMain] j.LocalContainerEntityManagerFactoryBean : Initialized JPA EntityManagerFactory for persistence unit 'default'
2022-08-10 18:44:55.204  WARN 6848 --- [restartedMain] ConfigServletWebServerApplicationContext : Exception encountered during context initialization - cancelling refresh attempt: org.springframework.beans.factory.BeanCreationException: Error creating bean with name 'checkoutController': Lookup method resolution failed; nested exception is java.lang.IllegalStateException: Failed to introspect Class [com.project2.imfd.controllers.CheckoutController] from ClassLoader [org.springframework.boot.devtools.restart.classloader.RestartClassLoader@7581402e]
2022-08-10 18:44:55.204  INFO 6848 --- [restartedMain] j.LocalContainerEntityManagerFactoryBean : Closing JPA EntityManagerFactory for persistence unit 'default'
2022-08-10 18:44:55.204  INFO 6848 --- [restartedMain] com.zaxxer.hikari.HikariDataSource       : HikariPool-3 - Shutdown initiated...
2022-08-10 18:44:55.488  INFO 6848 --- [restartedMain] com.zaxxer.hikari.HikariDataSource       : HikariPool-3 - Shutdown completed.
2022-08-10 18:44:55.488  INFO 6848 --- [restartedMain] o.apache.catalina.core.StandardService   : Stopping service [Tomcat]
2022-08-10 18:44:55.493  INFO 6848 --- [restartedMain] ConditionEvaluationReportLoggingListener : 

Error starting ApplicationContext. To display the conditions report re-run your application with 'debug' enabled.
2022-08-10 18:44:55.509 ERROR 6848 --- [restartedMain] o.s.boot.SpringApplication               : Application run failed

org.springframework.beans.factory.BeanCreationException: Error creating bean with name 'checkoutController': Lookup method resolution failed; nested exception is java.lang.IllegalStateException: Failed to introspect Class [com.project2.imfd.controllers.CheckoutController] from ClassLoader [org.springframework.boot.devtools.restart.classloader.RestartClassLoader@7581402e]
	at org.springframework.beans.factory.annotation.AutowiredAnnotationBeanPostProcessor.determineCandidateConstructors(AutowiredAnnotationBeanPostProcessor.java:289) ~[spring-beans-5.3.22.jar:5.3.22]
	at org.springframework.beans.factory.support.AbstractAutowireCapableBeanFactory.determineConstructorsFromBeanPostProcessors(AbstractAutowireCapableBeanFactory.java:1302) ~[spring-beans-5.3.22.jar:5.3.22]
	at org.springframework.beans.factory.support.AbstractAutowireCapableBeanFactory.createBeanInstance(AbstractAutowireCapableBeanFactory.java:1219) ~[spring-beans-5.3.22.jar:5.3.22]
	at org.springframework.beans.factory.support.AbstractAutowireCapableBeanFactory.doCreateBean(AbstractAutowireCapableBeanFactory.java:582) ~[spring-beans-5.3.22.jar:5.3.22]
	at org.springframework.beans.factory.support.AbstractAutowireCapableBeanFactory.createBean(AbstractAutowireCapableBeanFactory.java:542) ~[spring-beans-5.3.22.jar:5.3.22]
	at org.springframework.beans.factory.support.AbstractBeanFactory.lambda$doGetBean$0(AbstractBeanFactory.java:335) ~[spring-beans-5.3.22.jar:5.3.22]
	at org.springframework.beans.factory.support.DefaultSingletonBeanRegistry.getSingleton(DefaultSingletonBeanRegistry.java:234) ~[spring-beans-5.3.22.jar:5.3.22]
	at org.springframework.beans.factory.support.AbstractBeanFactory.doGetBean(AbstractBeanFactory.java:333) ~[spring-beans-5.3.22.jar:5.3.22]
	at org.springframework.beans.factory.support.AbstractBeanFactory.getBean(AbstractBeanFactory.java:208) ~[spring-beans-5.3.22.jar:5.3.22]
	at org.springframework.beans.factory.support.DefaultListableBeanFactory.preInstantiateSingletons(DefaultListableBeanFactory.java:955) ~[spring-beans-5.3.22.jar:5.3.22]
	at org.springframework.context.support.AbstractApplicationContext.finishBeanFactoryInitialization(AbstractApplicationContext.java:918) ~[spring-context-5.3.22.jar:5.3.22]
	at org.springframework.context.support.AbstractApplicationContext.refresh(AbstractApplicationContext.java:583) ~[spring-context-5.3.22.jar:5.3.22]
	at org.springframework.boot.web.servlet.context.ServletWebServerApplicationContext.refresh(ServletWebServerApplicationContext.java:147) ~[spring-boot-2.7.2.jar:2.7.2]
	at org.springframework.boot.SpringApplication.refresh(SpringApplication.java:734) ~[spring-boot-2.7.2.jar:2.7.2]
	at org.springframework.boot.SpringApplication.refreshContext(SpringApplication.java:408) ~[spring-boot-2.7.2.jar:2.7.2]
	at org.springframework.boot.SpringApplication.run(SpringApplication.java:308) ~[spring-boot-2.7.2.jar:2.7.2]
	at org.springframework.boot.SpringApplication.run(SpringApplication.java:1306) ~[spring-boot-2.7.2.jar:2.7.2]
	at org.springframework.boot.SpringApplication.run(SpringApplication.java:1295) ~[spring-boot-2.7.2.jar:2.7.2]
	at com.project2.imfd.Application.main(Application.java:14) ~[classes/:na]
	at java.base/jdk.internal.reflect.NativeMethodAccessorImpl.invoke0(Native Method) ~[na:na]
	at java.base/jdk.internal.reflect.NativeMethodAccessorImpl.invoke(NativeMethodAccessorImpl.java:77) ~[na:na]
	at java.base/jdk.internal.reflect.DelegatingMethodAccessorImpl.invoke(DelegatingMethodAccessorImpl.java:43) ~[na:na]
	at java.base/java.lang.reflect.Method.invoke(Method.java:568) ~[na:na]
	at org.springframework.boot.devtools.restart.RestartLauncher.run(RestartLauncher.java:49) ~[spring-boot-devtools-2.7.2.jar:2.7.2]
Caused by: java.lang.IllegalStateException: Failed to introspect Class [com.project2.imfd.controllers.CheckoutController] from ClassLoader [org.springframework.boot.devtools.restart.classloader.RestartClassLoader@7581402e]
	at org.springframework.util.ReflectionUtils.getDeclaredMethods(ReflectionUtils.java:485) ~[spring-core-5.3.22.jar:5.3.22]
	at org.springframework.util.ReflectionUtils.doWithLocalMethods(ReflectionUtils.java:321) ~[spring-core-5.3.22.jar:5.3.22]
	at org.springframework.beans.factory.annotation.AutowiredAnnotationBeanPostProcessor.determineCandidateConstructors(AutowiredAnnotationBeanPostProcessor.java:267) ~[spring-beans-5.3.22.jar:5.3.22]
	... 23 common frames omitted
Caused by: java.lang.NoClassDefFoundError: ResponseEntity
	at java.base/java.lang.Class.getDeclaredMethods0(Native Method) ~[na:na]
	at java.base/java.lang.Class.privateGetDeclaredMethods(Class.java:3402) ~[na:na]
	at java.base/java.lang.Class.getDeclaredMethods(Class.java:2504) ~[na:na]
	at org.springframework.util.ReflectionUtils.getDeclaredMethods(ReflectionUtils.java:467) ~[spring-core-5.3.22.jar:5.3.22]
	... 25 common frames omitted
Caused by: java.lang.ClassNotFoundException: ResponseEntity
	at java.base/jdk.internal.loader.BuiltinClassLoader.loadClass(BuiltinClassLoader.java:641) ~[na:na]
	at java.base/jdk.internal.loader.ClassLoaders$AppClassLoader.loadClass(ClassLoaders.java:188) ~[na:na]
	at java.base/java.lang.ClassLoader.loadClass(ClassLoader.java:520) ~[na:na]
	at java.base/java.lang.Class.forName0(Native Method) ~[na:na]
	at java.base/java.lang.Class.forName(Class.java:467) ~[na:na]
	at org.springframework.boot.devtools.restart.classloader.RestartClassLoader.loadClass(RestartClassLoader.java:145) ~[spring-boot-devtools-2.7.2.jar:2.7.2]
	at java.base/java.lang.ClassLoader.loadClass(ClassLoader.java:520) ~[na:na]
	... 29 common frames omitted

2022-08-10 18:45:17.304  INFO 6848 --- [restartedMain] com.project2.imfd.Application            : Starting Application using Java 17.0.2 on DESKTOP-F5KBULG with PID 6848 (C:\Users\Juicebox\Documents\GitHub\IMFD-Project02\IMFD\target\classes started by Juicebox in C:\Users\Juicebox\Documents\GitHub\IMFD-Project02\IMFD)
2022-08-10 18:45:17.305  INFO 6848 --- [restartedMain] com.project2.imfd.Application            : No active profile set, falling back to 1 default profile: "default"
2022-08-10 18:45:17.396  INFO 6848 --- [restartedMain] .s.d.r.c.RepositoryConfigurationDelegate : Bootstrapping Spring Data JPA repositories in DEFAULT mode.
2022-08-10 18:45:17.406  INFO 6848 --- [restartedMain] .s.d.r.c.RepositoryConfigurationDelegate : Finished Spring Data repository scanning in 10 ms. Found 5 JPA repository interfaces.
2022-08-10 18:45:17.454  INFO 6848 --- [restartedMain] o.s.b.w.embedded.tomcat.TomcatWebServer  : Tomcat initialized with port(s): 2121 (http)
2022-08-10 18:45:17.454  INFO 6848 --- [restartedMain] o.apache.catalina.core.StandardService   : Starting service [Tomcat]
2022-08-10 18:45:17.454  INFO 6848 --- [restartedMain] org.apache.catalina.core.StandardEngine  : Starting Servlet engine: [Apache Tomcat/9.0.65]
2022-08-10 18:45:17.499  INFO 6848 --- [restartedMain] org.apache.jasper.servlet.TldScanner     : At least one JAR was scanned for TLDs yet contained no TLDs. Enable debug logging for this logger for a complete list of JARs that were scanned but no TLDs were found in them. Skipping unneeded JARs during scanning can improve startup time and JSP compilation time.
2022-08-10 18:45:17.500  INFO 6848 --- [restartedMain] o.a.c.c.C.[Tomcat-1].[localhost].[/]     : Initializing Spring embedded WebApplicationContext
2022-08-10 18:45:17.500  INFO 6848 --- [restartedMain] w.s.c.ServletWebServerApplicationContext : Root WebApplicationContext: initialization completed in 194 ms
2022-08-10 18:45:17.520  INFO 6848 --- [restartedMain] o.hibernate.jpa.internal.util.LogHelper  : HHH000204: Processing PersistenceUnitInfo [name: default]
2022-08-10 18:45:17.523  INFO 6848 --- [restartedMain] com.zaxxer.hikari.HikariDataSource       : HikariPool-4 - Starting...
2022-08-10 18:45:24.691  INFO 6848 --- [restartedMain] com.zaxxer.hikari.HikariDataSource       : HikariPool-4 - Start completed.
2022-08-10 18:45:24.691  INFO 6848 --- [restartedMain] org.hibernate.dialect.Dialect            : HHH000400: Using dialect: org.hibernate.dialect.PostgreSQLDialect
2022-08-10 18:45:25.020  INFO 6848 --- [restartedMain] o.h.e.t.j.p.i.JtaPlatformInitiator       : HHH000490: Using JtaPlatform implementation: [org.hibernate.engine.transaction.jta.platform.internal.NoJtaPlatform]
2022-08-10 18:45:25.021  INFO 6848 --- [restartedMain] j.LocalContainerEntityManagerFactoryBean : Initialized JPA EntityManagerFactory for persistence unit 'default'
2022-08-10 18:45:25.124  WARN 6848 --- [restartedMain] JpaBaseConfiguration$JpaWebConfiguration : spring.jpa.open-in-view is enabled by default. Therefore, database queries may be performed during view rendering. Explicitly configure spring.jpa.open-in-view to disable this warning
2022-08-10 18:45:25.190  INFO 6848 --- [restartedMain] o.s.b.d.a.OptionalLiveReloadServer       : LiveReload server is running on port 35729
2022-08-10 18:45:25.199  INFO 6848 --- [restartedMain] o.s.b.w.embedded.tomcat.TomcatWebServer  : Tomcat started on port(s): 2121 (http) with context path ''
2022-08-10 18:45:25.202  INFO 6848 --- [restartedMain] com.project2.imfd.Application            : Started Application in 7.913 seconds (JVM running for 1670.747)
2022-08-10 18:45:25.203  INFO 6848 --- [restartedMain] .ConditionEvaluationDeltaLoggingListener : Condition evaluation unchanged
2022-08-10 18:45:38.839  INFO 6848 --- [Thread-11] j.LocalContainerEntityManagerFactoryBean : Closing JPA EntityManagerFactory for persistence unit 'default'
2022-08-10 18:45:38.839  INFO 6848 --- [Thread-11] com.zaxxer.hikari.HikariDataSource       : HikariPool-4 - Shutdown initiated...
2022-08-10 18:45:38.841  INFO 6848 --- [Thread-11] com.zaxxer.hikari.HikariDataSource       : HikariPool-4 - Shutdown completed.
2022-08-10 18:45:38.895  INFO 6848 --- [restartedMain] com.project2.imfd.Application            : Starting Application using Java 17.0.2 on DESKTOP-F5KBULG with PID 6848 (C:\Users\Juicebox\Documents\GitHub\IMFD-Project02\IMFD\target\classes started by Juicebox in C:\Users\Juicebox\Documents\GitHub\IMFD-Project02\IMFD)
2022-08-10 18:45:38.895  INFO 6848 --- [restartedMain] com.project2.imfd.Application            : No active profile set, falling back to 1 default profile: "default"
2022-08-10 18:45:38.999  INFO 6848 --- [restartedMain] .s.d.r.c.RepositoryConfigurationDelegate : Bootstrapping Spring Data JPA repositories in DEFAULT mode.
2022-08-10 18:45:39.012  INFO 6848 --- [restartedMain] .s.d.r.c.RepositoryConfigurationDelegate : Finished Spring Data repository scanning in 12 ms. Found 5 JPA repository interfaces.
2022-08-10 18:45:39.067  INFO 6848 --- [restartedMain] o.s.b.w.embedded.tomcat.TomcatWebServer  : Tomcat initialized with port(s): 2121 (http)
2022-08-10 18:45:39.068  INFO 6848 --- [restartedMain] o.apache.catalina.core.StandardService   : Starting service [Tomcat]
2022-08-10 18:45:39.068  INFO 6848 --- [restartedMain] org.apache.catalina.core.StandardEngine  : Starting Servlet engine: [Apache Tomcat/9.0.65]
2022-08-10 18:45:39.123  INFO 6848 --- [restartedMain] org.apache.jasper.servlet.TldScanner     : At least one JAR was scanned for TLDs yet contained no TLDs. Enable debug logging for this logger for a complete list of JARs that were scanned but no TLDs were found in them. Skipping unneeded JARs during scanning can improve startup time and JSP compilation time.
2022-08-10 18:45:39.127  INFO 6848 --- [restartedMain] o.a.c.c.C.[Tomcat-1].[localhost].[/]     : Initializing Spring embedded WebApplicationContext
2022-08-10 18:45:39.127  INFO 6848 --- [restartedMain] w.s.c.ServletWebServerApplicationContext : Root WebApplicationContext: initialization completed in 230 ms
2022-08-10 18:45:39.159  INFO 6848 --- [restartedMain] o.hibernate.jpa.internal.util.LogHelper  : HHH000204: Processing PersistenceUnitInfo [name: default]
2022-08-10 18:45:39.162  INFO 6848 --- [restartedMain] com.zaxxer.hikari.HikariDataSource       : HikariPool-5 - Starting...
2022-08-10 18:45:45.140  INFO 6848 --- [restartedMain] com.zaxxer.hikari.HikariDataSource       : HikariPool-5 - Start completed.
2022-08-10 18:45:45.140  INFO 6848 --- [restartedMain] org.hibernate.dialect.Dialect            : HHH000400: Using dialect: org.hibernate.dialect.PostgreSQLDialect
2022-08-10 18:45:45.467  INFO 6848 --- [restartedMain] o.h.e.t.j.p.i.JtaPlatformInitiator       : HHH000490: Using JtaPlatform implementation: [org.hibernate.engine.transaction.jta.platform.internal.NoJtaPlatform]
2022-08-10 18:45:45.467  INFO 6848 --- [restartedMain] j.LocalContainerEntityManagerFactoryBean : Initialized JPA EntityManagerFactory for persistence unit 'default'
2022-08-10 18:45:45.566  WARN 6848 --- [restartedMain] JpaBaseConfiguration$JpaWebConfiguration : spring.jpa.open-in-view is enabled by default. Therefore, database queries may be performed during view rendering. Explicitly configure spring.jpa.open-in-view to disable this warning
2022-08-10 18:45:45.620  INFO 6848 --- [restartedMain] o.s.b.d.a.OptionalLiveReloadServer       : LiveReload server is running on port 35729
2022-08-10 18:45:45.629  INFO 6848 --- [restartedMain] o.s.b.w.embedded.tomcat.TomcatWebServer  : Tomcat started on port(s): 2121 (http) with context path ''
2022-08-10 18:45:45.632  INFO 6848 --- [restartedMain] com.project2.imfd.Application            : Started Application in 6.754 seconds (JVM running for 1691.176)
2022-08-10 18:45:45.633  INFO 6848 --- [restartedMain] .ConditionEvaluationDeltaLoggingListener : Condition evaluation unchanged
2022-08-10 18:45:52.417  INFO 6848 --- [http-nio-2121-exec-1] o.a.c.c.C.[Tomcat-1].[localhost].[/]     : Initializing Spring DispatcherServlet 'dispatcherServlet'
2022-08-10 18:45:52.418  INFO 6848 --- [http-nio-2121-exec-1] o.s.web.servlet.DispatcherServlet        : Initializing Servlet 'dispatcherServlet'
2022-08-10 18:45:52.418  INFO 6848 --- [http-nio-2121-exec-1] o.s.web.servlet.DispatcherServlet        : Completed initialization in 0 ms
2022-08-10 18:46:37.933  INFO 6848 --- [Thread-18] j.LocalContainerEntityManagerFactoryBean : Closing JPA EntityManagerFactory for persistence unit 'default'
2022-08-10 18:46:37.933  INFO 6848 --- [Thread-18] com.zaxxer.hikari.HikariDataSource       : HikariPool-5 - Shutdown initiated...
2022-08-10 18:46:37.935  INFO 6848 --- [Thread-18] com.zaxxer.hikari.HikariDataSource       : HikariPool-5 - Shutdown completed.
2022-08-10 18:46:37.985  INFO 6848 --- [restartedMain] com.project2.imfd.Application            : Starting Application using Java 17.0.2 on DESKTOP-F5KBULG with PID 6848 (C:\Users\Juicebox\Documents\GitHub\IMFD-Project02\IMFD\target\classes started by Juicebox in C:\Users\Juicebox\Documents\GitHub\IMFD-Project02\IMFD)
2022-08-10 18:46:37.985  INFO 6848 --- [restartedMain] com.project2.imfd.Application            : No active profile set, falling back to 1 default profile: "default"
2022-08-10 18:46:38.083  INFO 6848 --- [restartedMain] .s.d.r.c.RepositoryConfigurationDelegate : Bootstrapping Spring Data JPA repositories in DEFAULT mode.
2022-08-10 18:46:38.093  INFO 6848 --- [restartedMain] .s.d.r.c.RepositoryConfigurationDelegate : Finished Spring Data repository scanning in 9 ms. Found 5 JPA repository interfaces.
2022-08-10 18:46:38.143  INFO 6848 --- [restartedMain] o.s.b.w.embedded.tomcat.TomcatWebServer  : Tomcat initialized with port(s): 2121 (http)
2022-08-10 18:46:38.143  INFO 6848 --- [restartedMain] o.apache.catalina.core.StandardService   : Starting service [Tomcat]
2022-08-10 18:46:38.143  INFO 6848 --- [restartedMain] org.apache.catalina.core.StandardEngine  : Starting Servlet engine: [Apache Tomcat/9.0.65]
2022-08-10 18:46:38.194  INFO 6848 --- [restartedMain] org.apache.jasper.servlet.TldScanner     : At least one JAR was scanned for TLDs yet contained no TLDs. Enable debug logging for this logger for a complete list of JARs that were scanned but no TLDs were found in them. Skipping unneeded JARs during scanning can improve startup time and JSP compilation time.
2022-08-10 18:46:38.195  INFO 6848 --- [restartedMain] o.a.c.c.C.[Tomcat-1].[localhost].[/]     : Initializing Spring embedded WebApplicationContext
2022-08-10 18:46:38.195  INFO 6848 --- [restartedMain] w.s.c.ServletWebServerApplicationContext : Root WebApplicationContext: initialization completed in 209 ms
2022-08-10 18:46:38.219  INFO 6848 --- [restartedMain] o.hibernate.jpa.internal.util.LogHelper  : HHH000204: Processing PersistenceUnitInfo [name: default]
2022-08-10 18:46:38.222  INFO 6848 --- [restartedMain] com.zaxxer.hikari.HikariDataSource       : HikariPool-6 - Starting...
2022-08-10 18:46:44.746  INFO 6848 --- [restartedMain] com.zaxxer.hikari.HikariDataSource       : HikariPool-6 - Start completed.
2022-08-10 18:46:44.746  INFO 6848 --- [restartedMain] org.hibernate.dialect.Dialect            : HHH000400: Using dialect: org.hibernate.dialect.PostgreSQLDialect
2022-08-10 18:46:45.069  INFO 6848 --- [restartedMain] o.h.e.t.j.p.i.JtaPlatformInitiator       : HHH000490: Using JtaPlatform implementation: [org.hibernate.engine.transaction.jta.platform.internal.NoJtaPlatform]
2022-08-10 18:46:45.069  INFO 6848 --- [restartedMain] j.LocalContainerEntityManagerFactoryBean : Initialized JPA EntityManagerFactory for persistence unit 'default'
2022-08-10 18:46:45.170  WARN 6848 --- [restartedMain] JpaBaseConfiguration$JpaWebConfiguration : spring.jpa.open-in-view is enabled by default. Therefore, database queries may be performed during view rendering. Explicitly configure spring.jpa.open-in-view to disable this warning
2022-08-10 18:46:45.226  INFO 6848 --- [restartedMain] o.s.b.d.a.OptionalLiveReloadServer       : LiveReload server is running on port 35729
2022-08-10 18:46:45.235  INFO 6848 --- [restartedMain] o.s.b.w.embedded.tomcat.TomcatWebServer  : Tomcat started on port(s): 2121 (http) with context path ''
2022-08-10 18:46:45.238  INFO 6848 --- [restartedMain] com.project2.imfd.Application            : Started Application in 7.27 seconds (JVM running for 1750.783)
2022-08-10 18:46:45.239  INFO 6848 --- [restartedMain] .ConditionEvaluationDeltaLoggingListener : Condition evaluation unchanged
2022-08-10 18:47:13.248  INFO 6848 --- [http-nio-2121-exec-1] o.a.c.c.C.[Tomcat-1].[localhost].[/]     : Initializing Spring DispatcherServlet 'dispatcherServlet'
2022-08-10 18:47:13.248  INFO 6848 --- [http-nio-2121-exec-1] o.s.web.servlet.DispatcherServlet        : Initializing Servlet 'dispatcherServlet'
2022-08-10 18:47:13.249  INFO 6848 --- [http-nio-2121-exec-1] o.s.web.servlet.DispatcherServlet        : Completed initialization in 0 ms
2022-08-10 18:47:22.464  WARN 6848 --- [http-nio-2121-exec-2] com.zaxxer.hikari.pool.PoolBase          : HikariPool-6 - Failed to validate connection org.postgresql.jdbc.PgConnection@2ada217e (This connection has been closed.). Possibly consider using a shorter maxLifetime value.
